Added Component: Designator=Balance charging A(HDR1X4)
Add component (AddParameter): Name = "LatestRevisionDate"; Value = "17-Jul-2002"; VariantName = "[No Variations]"
Add component (AddParameter): Name = "LatestRevisionNote"; Value = "Re-released for DXP Platform."; VariantName = "[No Variations]"
Add component (AddParameter): Name = "Publisher"; Value = "Altium Limited"; VariantName = "[No Variations]"
Added Component: Designator=Balance charging B(HDR1X4)
Add component (AddParameter): Name = "LatestRevisionDate"; Value = "17-Jul-2002"; VariantName = "[No Variations]"
Add component (AddParameter): Name = "LatestRevisionNote"; Value = "Re-released for DXP Platform."; VariantName = "[No Variations]"
Add component (AddParameter): Name = "Publisher"; Value = "Altium Limited"; VariantName = "[No Variations]"
Added Pin To Net: NetName=NetBalance charging A_1 Pin=Balance charging A-1
Added Pin To Net: NetName=NetBalance charging A_1 Pin=Balance charging B-4
Added Net: Name=NetBalance charging A_1
Added Pin To Net: NetName=NetBalance charging A_2 Pin=Balance charging A-2
Added Pin To Net: NetName=NetBalance charging A_2 Pin=Balance charging B-3
Added Net: Name=NetBalance charging A_2
Added Pin To Net: NetName=NetBalance charging A_3 Pin=Balance charging A-3
Added Pin To Net: NetName=NetBalance charging A_3 Pin=Balance charging B-2
Added Net: Name=NetBalance charging A_3
Added Pin To Net: NetName=NetBalance charging A_4 Pin=Balance charging A-4
Added Pin To Net: NetName=NetBalance charging A_4 Pin=Balance charging B-1
Added Net: Name=NetBalance charging A_4
Added Member To Class: ClassName=component_layout Member=Component Balance charging A Header 4
Added Member To Class: ClassName=component_layout Member=Component Balance charging B Header 4
