Removed Pin From Net: NetName=LeftEncoder1 Pin=U1-27
Removed Pin From Net: NetName=Left_motor_1 Pin=U1-28
Removed Pin From Net: NetName=Left_motor_2 Pin=U1-29
Removed Pin From Net: NetName=RightEncoder1 Pin=U1-30
Removed Pin From Net: NetName=LeftEncoder2 Pin=U1-31
Removed Pin From Net: NetName=Right_motor_1 Pin=U1-32
Removed Pin From Net: NetName=RightEncoder2 Pin=U1-34
Added Component: Designator=U3(TO-92)
Add component (AddParameter): Name = "Availability"; Value = "In Stock"; VariantName = "[No Variations]"
Add component (AddParameter): Name = "Check_prices"; Value = "https://www.snapeda.com/parts/78L05ACZ/STMicroelectronics/view-part/?ref=eda"; VariantName = "[No Variations]"
Add component (AddParameter): Name = "MF"; Value = "STMicroelectronics"; VariantName = "[No Variations]"
Add component (AddParameter): Name = "MP"; Value = "78L05ACZ"; VariantName = "[No Variations]"
Add component (AddParameter): Name = "Package"; Value = "TO-92 ON"; VariantName = "[No Variations]"
Add component (AddParameter): Name = "Price"; Value = "None"; VariantName = "[No Variations]"
Add component (AddParameter): Name = "Purchase-URL"; Value = "https://pricing.snapeda.com/search/part/78L05ACZ/?ref=eda"; VariantName = "[No Variations]"
Add component (AddParameter): Name = "SnapEDA_Link"; Value = "https://www.snapeda.com/parts/78L05ACZ/STMicroelectronics/view-part/?ref=snap"; VariantName = "[No Variations]"
Add component (AddParameter): Name = "Value"; Value = ""; VariantName = "[No Variations]"
Added Pin To Net: NetName=LME1 Pin=U1-5
Added Pin To Net: NetName=LME2 Pin=U1-6
Added Pin To Net: NetName=RME1 Pin=U1-7
Added Pin To Net: NetName=RME2 Pin=U1-8
Added Pin To Net: NetName=Left_motor_1 Pin=U1-27
Added Pin To Net: NetName=Left_motor_2 Pin=U1-28
Added Pin To Net: NetName=LeftEncoder1 Pin=U1-29
Added Pin To Net: NetName=LeftEncoder2 Pin=U1-30
Added Pin To Net: NetName=RightEncoder1 Pin=U1-31
Added Pin To Net: NetName=RightEncoder2 Pin=U1-32
Added Pin To Net: NetName=Right_motor_1 Pin=U1-34
