Removed Pin From Net: NetName=GND Pin=H2-1
Removed Pin From Net: NetName=+12 Pin=H2-2
Removed Pin From Net: NetName=GND Pin=H3-1
Removed Pin From Net: NetName=+12 Pin=H3-2
Removed Pin From Net: NetName=LeftEncoder1 Pin=J3-3
Removed Pin From Net: NetName=+3.3 Pin=J3-4
Removed Pin From Net: NetName=LeftEncoder2 Pin=J3-5
Removed Pin From Net: NetName=GND Pin=J3-6
Removed Pin From Net: NetName=RightEncoder1 Pin=J4-3
Removed Pin From Net: NetName=+3.3 Pin=J4-4
Removed Pin From Net: NetName=RightEncoder2 Pin=J4-5
Removed Pin From Net: NetName=GND Pin=J4-6
Removed Member From Class: ClassName=component_layout Member=J3
Removed Member From Class: ClassName=component_layout Member=J4
Change Component Designator: OldDesignator=H2 NewDesignator=MotorLeft
Change Component Designator: OldDesignator=H3 NewDesignator=MotorRight
Change component parameters: Designator = "H2" ("MotorLeft"); Footprint = "HDR1X4"; UniqueID = "\JXOPYBZD" ("\JXOPYBZD")
Change component parameters (AddParameter): Name = "LatestRevisionDate"; Value = "17-Jul-2002"; VariantName = "[No Variations]"
Change component parameters (AddParameter): Name = "LatestRevisionNote"; Value = "Re-released for DXP Platform."; VariantName = "[No Variations]"
Change component parameters (AddParameter): Name = "Publisher"; Value = "Altium Limited"; VariantName = "[No Variations]"
Change component parameters: Designator = "H3" ("MotorRight"); Footprint = "HDR1X4"; UniqueID = "\AVMEPDWV" ("\AVMEPDWV")
Change component parameters (AddParameter): Name = "LatestRevisionDate"; Value = "17-Jul-2002"; VariantName = "[No Variations]"
Change component parameters (AddParameter): Name = "LatestRevisionNote"; Value = "Re-released for DXP Platform."; VariantName = "[No Variations]"
Change component parameters (AddParameter): Name = "Publisher"; Value = "Altium Limited"; VariantName = "[No Variations]"
Added Pin To Net: NetName=LeftEncoder1 Pin=MotorLeft-1
Added Pin To Net: NetName=LeftEncoder2 Pin=MotorLeft-2
Added Pin To Net: NetName=+3.3 Pin=MotorLeft-3
Added Pin To Net: NetName=GND Pin=MotorLeft-4
Added Pin To Net: NetName=RightEncoder1 Pin=MotorRight-1
Added Pin To Net: NetName=RightEncoder2 Pin=MotorRight-2
Added Pin To Net: NetName=+3.3 Pin=MotorRight-3
Added Pin To Net: NetName=GND Pin=MotorRight-4
