Removed Pin From Net: NetName=GND Pin=U2-2
Removed Pin From Net: NetName=+15 Pin=U2-3
Removed Pin From Net: NetName=sm_3 Pin=U2-13
Removed Pin From Net: NetName=sm_4 Pin=U2-14
Add Pin To Net: Unknown Pin: Pin Q1-2
Add Pin To Net: Unknown Pin: Pin Q2-2
Add Pin To Net: Unknown Pin: Pin R1-1
Add Pin To Net: Unknown Pin: Pin R1-2
Add Pin To Net: Unknown Pin: Pin R2-1
Add Pin To Net: Unknown Pin: Pin R2-2
Add Pin To Net: Unknown Pin: Pin R3-1
Add Pin To Net: Unknown Pin: Pin R3-2
Add Pin To Net: Unknown Pin: Pin R4-1
Add Pin To Net: Unknown Pin: Pin R4-2
Add Pin To Net: Unknown Pin: Pin S1-1
Add Pin To Net: Unknown Pin: Pin S1-2
Added Pin To Net: NetName=+18 Pin=U2-1
Added Pin To Net: NetName=GND Pin=U2-2
Added Pin To Net: NetName=+15 Pin=U2-3
Added Pin To Net: NetName=sm_4 Pin=U2-13
Added Pin To Net: NetName=sm_3 Pin=U2-14
Add Pin To Net: Unknown Pin: Pin U3-1
Add Pin To Net: Unknown Pin: Pin U3-2
Add Pin To Net: Unknown Pin: Pin U3-3
Add Class Member: Failed to add class member : Component Q1 Bipolar NPN 4 Pins Transistor Gummel-Poon Model
Add Class Member: Failed to add class member : Component Q2 Bipolar NPN 4 Pins Transistor Gummel-Poon Model
Add Class Member: Failed to add class member : Component R1 Resistor
Add Class Member: Failed to add class member : Component R2 Resistor
Add Class Member: Failed to add class member : Component R3 Resistor
Add Class Member: Failed to add class member : Component R4 Resistor
Add Class Member: Failed to add class member : Component S1 Push Button Normally Opened
Added Member To Class: ClassName=docking-control Member=Component U2 Positive Fixed Voltage regulator
Add Class Member: Failed to add class member : Component U3 Positive Fixed Voltage regulator
