Removed Pin From Net: NetName=+15 Pin=U2-16
Change component parameters: Designator = "R5" ("R5"); Footprint = "AXIAL400"; UniqueID = "\LEJELQHO" ("\LEJELQHO")
Change component parameters (AddParameter): Name = "Class"; Value = "Passive"; VariantName = "[No Variations]"
Change component parameters (AddParameter): Name = "Manufacturer"; Value = "Generic Components"; VariantName = "[No Variations]"
Change component parameters (AddParameter): Name = "Published"; Value = "08/06/2000"; VariantName = "[No Variations]"
Change component parameters (AddParameter): Name = "Publisher"; Value = "Altium Hobart Technology Centre"; VariantName = "[No Variations]"
Change component parameters (AddParameter): Name = "SubClass"; Value = "Resistor"; VariantName = "[No Variations]"
Change component parameters (AddParameter): Name = "Value"; Value = "1k"; VariantName = "[No Variations]"
Change component parameters: Designator = "R6" ("R6"); Footprint = "AXIAL400"; UniqueID = "\SHUMFHMC" ("\SHUMFHMC")
Change component parameters (AddParameter): Name = "Class"; Value = "Passive"; VariantName = "[No Variations]"
Change component parameters (AddParameter): Name = "Manufacturer"; Value = "Generic Components"; VariantName = "[No Variations]"
Change component parameters (AddParameter): Name = "Published"; Value = "08/06/2000"; VariantName = "[No Variations]"
Change component parameters (AddParameter): Name = "Publisher"; Value = "Altium Hobart Technology Centre"; VariantName = "[No Variations]"
Change component parameters (AddParameter): Name = "SubClass"; Value = "Resistor"; VariantName = "[No Variations]"
Change component parameters (AddParameter): Name = "Value"; Value = "1k"; VariantName = "[No Variations]"
Added Component: Designator=*(XL4015 5A DC-DC Buck Module-Footprint-1)
Add component (AddParameter): Name = "Case/Package"; Value = ""; VariantName = "[No Variations]"
Add component (AddParameter): Name = "Max Operating Temperature"; Value = ""; VariantName = "[No Variations]"
Add component (AddParameter): Name = "Min Operating Temperature"; Value = ""; VariantName = "[No Variations]"
Add component (AddParameter): Name = "Mounting Technology"; Value = ""; VariantName = "[No Variations]"
Add component (AddParameter): Name = "Pins"; Value = ""; VariantName = "[No Variations]"
Add component (AddParameter): Name = "RoHS Compliant"; Value = ""; VariantName = "[No Variations]"
Added Pin To Net: NetName=+18 Pin=*-1
Added Pin To Net: NetName=GND Pin=*-2
Added Pin To Net: NetName=GND Pin=*-3
Add Pin To Net: Unknown Pin: Pin R1-1
Add Pin To Net: Unknown Pin: Pin R1-2
Add Pin To Net: Unknown Pin: Pin R2-1
Add Pin To Net: Unknown Pin: Pin R2-2
Add Pin To Net: Unknown Pin: Pin R3-1
Add Pin To Net: Unknown Pin: Pin R3-2
Add Pin To Net: Unknown Pin: Pin R4-1
Add Pin To Net: Unknown Pin: Pin R4-2
Add Pin To Net: Unknown Pin: Pin S1-1
Add Pin To Net: Unknown Pin: Pin S1-2
Added Pin To Net: NetName=+5 Pin=U2-16
Change Net Name : Old Net Name=switch_in New Net Name=NetC1_1
Added Pin To Net: NetName=+14.8 Pin=*-4
Added Net: Name=+14.8
Added Member To Class: ClassName=docking-control Member=Component * XL4015 5A DC-DC Buck Module
Add Class Member: Failed to add class member : Component R1 Resistor
Add Class Member: Failed to add class member : Component R2 Resistor
Add Class Member: Failed to add class member : Component R3 Resistor
Add Class Member: Failed to add class member : Component R4 Resistor
Add Class Member: Failed to add class member : Component S1 Push Button Normally Opened
Added Member To Class: ClassName=docking-control Member=Component U2 A4988_carrier
