Removed Pin From Net: NetName=GND Pin=U2-2
Removed Pin From Net: NetName=+15 Pin=U2-3
Added Component: Designator=D?(DIODE400)
Add component (AddParameter): Name = "Class"; Value = "Discrete"; VariantName = "[No Variations]"
Add component (AddParameter): Name = "Manufacturer"; Value = "Fairchild Semiconductor"; VariantName = "[No Variations]"
Add component (AddParameter): Name = "Published"; Value = "8/06/2000"; VariantName = "[No Variations]"
Add component (AddParameter): Name = "Publisher"; Value = "Altium Hobart Technology Centre"; VariantName = "[No Variations]"
Add component (AddParameter): Name = "Revised"; Value = "11-July-2000: SIM Model Added."; VariantName = "[No Variations]"
Add component (AddParameter): Name = "SubClass"; Value = "Rectifier - Standard Recovery"; VariantName = "[No Variations]"
Added Component: Designator=D?(DIODE400)
Add component (AddParameter): Name = "Class"; Value = "Discrete"; VariantName = "[No Variations]"
Add component (AddParameter): Name = "Manufacturer"; Value = "Fairchild Semiconductor"; VariantName = "[No Variations]"
Add component (AddParameter): Name = "Published"; Value = "8/06/2000"; VariantName = "[No Variations]"
Add component (AddParameter): Name = "Publisher"; Value = "Altium Hobart Technology Centre"; VariantName = "[No Variations]"
Add component (AddParameter): Name = "Revised"; Value = "11-July-2000: SIM Model Added."; VariantName = "[No Variations]"
Add component (AddParameter): Name = "SubClass"; Value = "Rectifier - Standard Recovery"; VariantName = "[No Variations]"
Added Component: Designator=J1(ScrewTerm_2.54_2)
Add component (AddParameter): Name = "Catalogue Number"; Value = ""; VariantName = "[No Variations]"
Added Component: Designator=J2(ScrewTerm_2.54_2)
Add component (AddParameter): Name = "Catalogue Number"; Value = ""; VariantName = "[No Variations]"
Added Component: Designator=Q1(TO-92A)
Added Component: Designator=Q2(TO-92A)
Added Component: Designator=R5(AXIAL400)
Add component (AddParameter): Name = "Class"; Value = "Passive"; VariantName = "[No Variations]"
Add component (AddParameter): Name = "Manufacturer"; Value = "Generic Components"; VariantName = "[No Variations]"
Add component (AddParameter): Name = "Published"; Value = "08/06/2000"; VariantName = "[No Variations]"
Add component (AddParameter): Name = "Publisher"; Value = "Altium Hobart Technology Centre"; VariantName = "[No Variations]"
Add component (AddParameter): Name = "SubClass"; Value = "Resistor"; VariantName = "[No Variations]"
Add component (AddParameter): Name = "Value"; Value = "10k"; VariantName = "[No Variations]"
Added Component: Designator=R6(AXIAL400)
Add component (AddParameter): Name = "Class"; Value = "Passive"; VariantName = "[No Variations]"
Add component (AddParameter): Name = "Manufacturer"; Value = "Generic Components"; VariantName = "[No Variations]"
Add component (AddParameter): Name = "Published"; Value = "08/06/2000"; VariantName = "[No Variations]"
Add component (AddParameter): Name = "Publisher"; Value = "Altium Hobart Technology Centre"; VariantName = "[No Variations]"
Add component (AddParameter): Name = "SubClass"; Value = "Resistor"; VariantName = "[No Variations]"
Add component (AddParameter): Name = "Value"; Value = "10k"; VariantName = "[No Variations]"
Added Pin To Net: NetName=GND Pin=D?-1
Added Pin To Net: NetName=GND Pin=D?-1
Added Pin To Net: NetName=+15 Pin=J1-2
Added Pin To Net: NetName=+15 Pin=J2-2
Added Pin To Net: NetName=GND Pin=Q1-3
Added Pin To Net: NetName=GND Pin=Q2-3
Add Pin To Net: Unknown Pin: Pin R1-1
Add Pin To Net: Unknown Pin: Pin R1-2
Add Pin To Net: Unknown Pin: Pin R2-1
Add Pin To Net: Unknown Pin: Pin R2-2
Add Pin To Net: Unknown Pin: Pin R3-1
Add Pin To Net: Unknown Pin: Pin R3-2
Add Pin To Net: Unknown Pin: Pin R4-1
Add Pin To Net: Unknown Pin: Pin R4-2
Add Pin To Net: Unknown Pin: Pin S1-1
Add Pin To Net: Unknown Pin: Pin S1-2
Added Pin To Net: NetName=+18 Pin=U2-1
Added Pin To Net: NetName=GND Pin=U2-2
Added Pin To Net: NetName=+15 Pin=U2-3
Add Pin To Net: Unknown Pin: Pin U3-1
Add Pin To Net: Unknown Pin: Pin U3-2
Add Pin To Net: Unknown Pin: Pin U3-3
Added Pin To Net: NetName=NetD?_2 Pin=D?-2
Added Pin To Net: NetName=NetD?_2 Pin=J1-1
Added Pin To Net: NetName=NetD?_2 Pin=Q1-1
Added Net: Name=NetD?_2
Add Net: Net with name "NetD?_2" already exists
Added Pin To Net: NetName=NetQ1_2 Pin=Q1-2
Added Pin To Net: NetName=NetQ1_2 Pin=R5-2
Added Net: Name=NetQ1_2
Added Pin To Net: NetName=NetQ2_2 Pin=Q2-2
Added Pin To Net: NetName=NetQ2_2 Pin=R6-2
Added Net: Name=NetQ2_2
Added Member To Class: ClassName=docking-control Member=Component D? 1N4007
Added Member To Class: ClassName=docking-control Member=Component D? 1N4007
Added Member To Class: ClassName=docking-control Member=Component J1 Screw_5.08_2
Added Member To Class: ClassName=docking-control Member=Component J2 Screw_5.08_2
Added Member To Class: ClassName=docking-control Member=Component Q1 BC337-16
Added Member To Class: ClassName=docking-control Member=Component Q2 BC337-16
Add Class Member: Failed to add class member : Component R1 Resistor
Add Class Member: Failed to add class member : Component R2 Resistor
Add Class Member: Failed to add class member : Component R3 Resistor
Add Class Member: Failed to add class member : Component R4 Resistor
Added Member To Class: ClassName=docking-control Member=Component R5 Res
Added Member To Class: ClassName=docking-control Member=Component R6 Res
Add Class Member: Failed to add class member : Component S1 Push Button Normally Opened
Added Member To Class: ClassName=docking-control Member=Component U2 Positive Fixed Voltage regulator
Add Class Member: Failed to add class member : Component U3 Positive Fixed Voltage regulator
